<?xml version="1.0" encoding="UTF-8"?>
<!-- Generated by org.testng.reporters.JUnitReportReporter -->
<testsuite hostname="Daniels-MBP.home" failures="0" tests="1" name="sw409.RestAssuredHW.RestHW" time="1.362" errors="0" timestamp="2020-11-19T01:09:37 EST" skipped="0">
  <testcase classname="sw409.RestAssuredHW.RestHW" name="DeleteEmployee" time="1.362"/>
  <system-out/>
</testsuite> <!-- sw409.RestAssuredHW.RestHW -->
